# JRE version: Java(TM) SE Runtime Environment (8.0_202-b08) (build 1.8.0_202-b08)
# Java VM: Java HotSpot(TM) 64-Bit Server VM (25.202-b08 mixed mode windows-amd64 compressed oops)
Heap:
 PSYoungGen      total 385024K, used 198794K [0x00000000d6180000, 0x00000000fd300000, 0x0000000100000000)
  eden space 379904K, 51% used [0x00000000d6180000,0x00000000e1eba8b0,0x00000000ed480000)
  from space 5120K, 98% used [0x00000000fc400000,0x00000000fc8e8000,0x00000000fc900000)
  to   space 10240K, 0% used [0x00000000fc900000,0x00000000fc900000,0x00000000fd300000)
 ParOldGen       total 59904K, used 24139K [0x0000000082400000, 0x0000000085e80000, 0x00000000d6180000)
  object space 59904K, 40% used [0x0000000082400000,0x0000000083b92cc8,0x0000000085e80000)
 Metaspace       used 49820K, capacity 50588K, committed 50944K, reserved 1093632K
  class space    used 6165K, capacity 6350K, committed 6400K, reserved 1048576K
GC Heap History (10 events):
Event: 590.386 GC heap before
{Heap before GC invocations=39 (full 2):
 PSYoungGen      total 483328K, used 483238K [0x00000000d6180000, 0x00000000fe800000, 0x0000000100000000)
  eden space 477184K, 99% used [0x00000000d6180000,0x00000000f3370f30,0x00000000f3380000)
  from space 6144K, 99% used [0x00000000fe200000,0x00000000fe7f89a8,0x00000000fe800000)
  to   space 10240K, 0% used [0x00000000fd400000,0x00000000fd400000,0x00000000fde00000)
 ParOldGen       total 59904K, used 23999K [0x0000000082400000, 0x0000000085e80000, 0x00000000d6180000)
  object space 59904K, 40% used [0x0000000082400000,0x0000000083b6fca8,0x0000000085e80000)
 Metaspace       used 49812K, capacity 50582K, committed 50944K, reserved 1093632K
  class space    used 6163K, capacity 6349K, committed 6400K, reserved 1048576K
Event: 590.392 GC heap after
Heap after GC invocations=39 (full 2):
 PSYoungGen      total 462336K, used 6177K [0x00000000d6180000, 0x00000000fe280000, 0x0000000100000000)
  eden space 455680K, 0% used [0x00000000d6180000,0x00000000d6180000,0x00000000f1e80000)
  from space 6656K, 92% used [0x00000000fd400000,0x00000000fda084e0,0x00000000fda80000)
  to   space 8192K, 0% used [0x00000000fda80000,0x00000000fda80000,0x00000000fe280000)
 ParOldGen       total 59904K, used 24031K [0x0000000082400000, 0x0000000085e80000, 0x00000000d6180000)
  object space 59904K, 40% used [0x0000000082400000,0x0000000083b77ca8,0x0000000085e80000)
 Metaspace       used 49812K, capacity 50582K, committed 50944K, reserved 1093632K
  class space    used 6163K, capacity 6349K, committed 6400K, reserved 1048576K
}
Event: 591.461 GC heap before
{Heap before GC invocations=40 (full 2):
 PSYoungGen      total 462336K, used 461843K [0x00000000d6180000, 0x00000000fe280000, 0x0000000100000000)
  eden space 455680K, 99% used [0x00000000d6180000,0x00000000f1e7caf0,0x00000000f1e80000)
  from space 6656K, 92% used [0x00000000fd400000,0x00000000fda084e0,0x00000000fda80000)
  to   space 8192K, 0% used [0x00000000fda80000,0x00000000fda80000,0x00000000fe280000)
 ParOldGen       total 59904K, used 24031K [0x0000000082400000, 0x0000000085e80000, 0x00000000d6180000)
  object space 59904K, 40% used [0x0000000082400000,0x0000000083b77ca8,0x0000000085e80000)
 Metaspace       used 49812K, capacity 50582K, committed 50944K, reserved 1093632K
  class space    used 6163K, capacity 6349K, committed 6400K, reserved 1048576K
Event: 591.466 GC heap after
Heap after GC invocations=40 (full 2):
 PSYoungGen      total 441344K, used 6055K [0x00000000d6180000, 0x00000000fe080000, 0x0000000100000000)
  eden space 435200K, 0% used [0x00000000d6180000,0x00000000d6180000,0x00000000f0a80000)
  from space 6144K, 98% used [0x00000000fda80000,0x00000000fe069ef8,0x00000000fe080000)
  to   space 10240K, 0% used [0x00000000fcc80000,0x00000000fcc80000,0x00000000fd680000)
 ParOldGen       total 59904K, used 24031K [0x0000000082400000, 0x0000000085e80000, 0x00000000d6180000)
  object space 59904K, 40% used [0x0000000082400000,0x0000000083b77ca8,0x0000000085e80000)
 Metaspace       used 49812K, capacity 50582K, committed 50944K, reserved 1093632K
  class space    used 6163K, capacity 6349K, committed 6400K, reserved 1048576K
}
Event: 598.328 GC heap before
{Heap before GC invocations=41 (full 2):
 PSYoungGen      total 441344K, used 441004K [0x00000000d6180000, 0x00000000fe080000, 0x0000000100000000)
  eden space 435200K, 99% used [0x00000000d6180000,0x00000000f0a413d8,0x00000000f0a80000)
  from space 6144K, 98% used [0x00000000fda80000,0x00000000fe069ef8,0x00000000fe080000)
  to   space 10240K, 0% used [0x00000000fcc80000,0x00000000fcc80000,0x00000000fd680000)
 ParOldGen       total 59904K, used 24031K [0x0000000082400000, 0x0000000085e80000, 0x00000000d6180000)
  object space 59904K, 40% used [0x0000000082400000,0x0000000083b77ca8,0x0000000085e80000)
 Metaspace       used 49813K, capacity 50582K, committed 50944K, reserved 1093632K
  class space    used 6164K, capacity 6349K, committed 6400K, reserved 1048576K
Event: 598.334 GC heap after
Heap after GC invocations=41 (full 2):
 PSYoungGen      total 421888K, used 5729K [0x00000000d6180000, 0x00000000fdb00000, 0x0000000100000000)
  eden space 415744K, 0% used [0x00000000d6180000,0x00000000d6180000,0x00000000ef780000)
  from space 6144K, 93% used [0x00000000fcc80000,0x00000000fd2184e0,0x00000000fd280000)
  to   space 8704K, 0% used [0x00000000fd280000,0x00000000fd280000,0x00000000fdb00000)
 ParOldGen       total 59904K, used 24083K [0x0000000082400000, 0x0000000085e80000, 0x00000000d6180000)
  object space 59904K, 40% used [0x0000000082400000,0x0000000083b84cc8,0x0000000085e80000)
 Metaspace       used 49813K, capacity 50582K, committed 50944K, reserved 1093632K
  class space    used 6164K, capacity 6349K, committed 6400K, reserved 1048576K
}
Event: 600.098 GC heap before
{Heap before GC invocations=42 (full 2):
 PSYoungGen      total 421888K, used 421473K [0x00000000d6180000, 0x00000000fdb00000, 0x0000000100000000)
  eden space 415744K, 100% used [0x00000000d6180000,0x00000000ef780000,0x00000000ef780000)
  from space 6144K, 93% used [0x00000000fcc80000,0x00000000fd2184e0,0x00000000fd280000)
  to   space 8704K, 0% used [0x00000000fd280000,0x00000000fd280000,0x00000000fdb00000)
 ParOldGen       total 59904K, used 24083K [0x0000000082400000, 0x0000000085e80000, 0x00000000d6180000)
  object space 59904K, 40% used [0x0000000082400000,0x0000000083b84cc8,0x0000000085e80000)
 Metaspace       used 49813K, capacity 50582K, committed 50944K, reserved 1093632K
  class space    used 6164K, capacity 6349K, committed 6400K, reserved 1048576K
Event: 600.103 GC heap after
Heap after GC invocations=42 (full 2):
 PSYoungGen      total 402944K, used 5185K [0x00000000d6180000, 0x00000000fd800000, 0x0000000100000000)
  eden space 397312K, 0% used [0x00000000d6180000,0x00000000d6180000,0x00000000ee580000)
  from space 5632K, 92% used [0x00000000fd280000,0x00000000fd7907c0,0x00000000fd800000)
  to   space 10240K, 0% used [0x00000000fc400000,0x00000000fc400000,0x00000000fce00000)
 ParOldGen       total 59904K, used 24099K [0x0000000082400000, 0x0000000085e80000, 0x00000000d6180000)
  object space 59904K, 40% used [0x0000000082400000,0x0000000083b88cc8,0x0000000085e80000)
 Metaspace       used 49813K, capacity 50582K, committed 50944K, reserved 1093632K
  class space    used 6164K, capacity 6349K, committed 6400K, reserved 1048576K
}
Event: 602.068 GC heap before
{Heap before GC invocations=43 (full 2):
 PSYoungGen      total 402944K, used 402497K [0x00000000d6180000, 0x00000000fd800000, 0x0000000100000000)
  eden space 397312K, 100% used [0x00000000d6180000,0x00000000ee580000,0x00000000ee580000)
  from space 5632K, 92% used [0x00000000fd280000,0x00000000fd7907c0,0x00000000fd800000)
  to   space 10240K, 0% used [0x00000000fc400000,0x00000000fc400000,0x00000000fce00000)
 ParOldGen       total 59904K, used 24099K [0x0000000082400000, 0x0000000085e80000, 0x00000000d6180000)
  object space 59904K, 40% used [0x0000000082400000,0x0000000083b88cc8,0x0000000085e80000)
 Metaspace       used 49813K, capacity 50582K, committed 50944K, reserved 1093632K
  class space    used 6164K, capacity 6349K, committed 6400K, reserved 1048576K
Event: 602.074 GC heap after
Heap after GC invocations=43 (full 2):
 PSYoungGen      total 385024K, used 5024K [0x00000000d6180000, 0x00000000fd300000, 0x0000000100000000)
  eden space 379904K, 0% used [0x00000000d6180000,0x00000000d6180000,0x00000000ed480000)
  from space 5120K, 98% used [0x00000000fc400000,0x00000000fc8e8000,0x00000000fc900000)
  to   space 10240K, 0% used [0x00000000fc900000,0x00000000fc900000,0x00000000fd300000)
 ParOldGen       total 59904K, used 24139K [0x0000000082400000, 0x0000000085e80000, 0x00000000d6180000)
  object space 59904K, 40% used [0x0000000082400000,0x0000000083b92cc8,0x0000000085e80000)
 Metaspace       used 49813K, capacity 50582K, committed 50944K, reserved 1093632K
  class space    used 6164K, capacity 6349K, committed 6400K, reserved 1048576K
}

